<?xml version="1.0" encoding="UTF-8"?>
<testng-results skipped="0" failed="0" ignored="0" total="1" passed="1">
  <reporter-output>
  </reporter-output>
  <suite name="Suite" duration-ms="76586" started-at="2018-12-19T07:30:27Z" finished-at="2018-12-19T07:31:43Z">
    <groups>
    </groups>
    <test name="Test" duration-ms="76586" started-at="2018-12-19T07:30:27Z" finished-at="2018-12-19T07:31:43Z">
      <class name="com.advanz101.testcases.Registration_Test">
        <test-method status="PASS" signature="registration()[pri:0, instance:com.advanz101.testcases.Registration_Test@5c3bd550]" name="registration" duration-ms="76530" started-at="2018-12-19T07:30:27Z" finished-at="2018-12-19T07:31:43Z">
          <reporter-output>
          </reporter-output>
        </test-method> <!-- registration -->
      </class> <!-- com.advanz101.testcases.Registration_Test -->
    </test> <!-- Test -->
  </suite> <!-- Suite -->
</testng-results>
